15-Apr-2022 08:46:59.017 INFO [main] org.apache.catalina.startup.VersionLoggerListener.log Server version:        Apache Tomcat/9.0.6
15-Apr-2022 08:46:59.019 INFO [main] org.apache.catalina.startup.VersionLoggerListener.log Server built:          Mar 5 2018 09:34:35 UTC
15-Apr-2022 08:46:59.019 INFO [main] org.apache.catalina.startup.VersionLoggerListener.log Server number:         9.0.6.0
15-Apr-2022 08:46:59.019 INFO [main] org.apache.catalina.startup.VersionLoggerListener.log OS Name:               Linux
15-Apr-2022 08:46:59.019 INFO [main] org.apache.catalina.startup.VersionLoggerListener.log OS Version:            5.4.72-microsoft-standard-WSL2
15-Apr-2022 08:46:59.019 INFO [main] org.apache.catalina.startup.VersionLoggerListener.log Architecture:          amd64
15-Apr-2022 08:46:59.019 INFO [main] org.apache.catalina.startup.VersionLoggerListener.log Java Home:             /usr/lib/jvm/java-1.8.0-openjdk-1.8.0.322.b06-1.el7_9.x86_64/jre
15-Apr-2022 08:46:59.020 INFO [main] org.apache.catalina.startup.VersionLoggerListener.log JVM Version:           1.8.0_322-b06
15-Apr-2022 08:46:59.020 INFO [main] org.apache.catalina.startup.VersionLoggerListener.log JVM Vendor:            Red Hat, Inc.
15-Apr-2022 08:46:59.020 INFO [main] org.apache.catalina.startup.VersionLoggerListener.log CATALINA_BASE:         /opt/apache-tomcat-9.0.6
15-Apr-2022 08:46:59.020 INFO [main] org.apache.catalina.startup.VersionLoggerListener.log CATALINA_HOME:         /opt/apache-tomcat-9.0.6
15-Apr-2022 08:46:59.020 INFO [main] org.apache.catalina.startup.VersionLoggerListener.log Command line argument: -Djava.util.logging.config.file=/opt/apache-tomcat-9.0.6/conf/logging.properties
15-Apr-2022 08:46:59.020 INFO [main] org.apache.catalina.startup.VersionLoggerListener.log Command line argument: -Djava.util.logging.manager=org.apache.juli.ClassLoaderLogManager
15-Apr-2022 08:46:59.020 INFO [main] org.apache.catalina.startup.VersionLoggerListener.log Command line argument: -Djdk.tls.ephemeralDHKeySize=2048
15-Apr-2022 08:46:59.020 INFO [main] org.apache.catalina.startup.VersionLoggerListener.log Command line argument: -Djava.protocol.handler.pkgs=org.apache.catalina.webresources
15-Apr-2022 08:46:59.020 INFO [main] org.apache.catalina.startup.VersionLoggerListener.log Command line argument: -Dignore.endorsed.dirs=
15-Apr-2022 08:46:59.020 INFO [main] org.apache.catalina.startup.VersionLoggerListener.log Command line argument: -Dcatalina.base=/opt/apache-tomcat-9.0.6
15-Apr-2022 08:46:59.020 INFO [main] org.apache.catalina.startup.VersionLoggerListener.log Command line argument: -Dcatalina.home=/opt/apache-tomcat-9.0.6
15-Apr-2022 08:46:59.021 INFO [main] org.apache.catalina.startup.VersionLoggerListener.log Command line argument: -Djava.io.tmpdir=/opt/apache-tomcat-9.0.6/temp
15-Apr-2022 08:46:59.021 INFO [main] org.apache.catalina.core.AprLifecycleListener.lifecycleEvent The APR based Apache Tomcat Native library which allows optimal performance in production environments was not found on the java.library.path: [/usr/java/packages/lib/amd64:/usr/lib64:/lib64:/lib:/usr/lib]
15-Apr-2022 08:46:59.068 INFO [main] org.apache.coyote.AbstractProtocol.init Initializing ProtocolHandler ["http-nio-8080"]
15-Apr-2022 08:46:59.075 INFO [main] org.apache.tomcat.util.net.NioSelectorPool.getSharedSelector Using a shared selector for servlet write/read
15-Apr-2022 08:46:59.079 INFO [main] org.apache.coyote.AbstractProtocol.init Initializing ProtocolHandler ["ajp-nio-8009"]
15-Apr-2022 08:46:59.080 INFO [main] org.apache.tomcat.util.net.NioSelectorPool.getSharedSelector Using a shared selector for servlet write/read
15-Apr-2022 08:46:59.081 INFO [main] org.apache.catalina.startup.Catalina.load Initialization processed in 300 ms
15-Apr-2022 08:46:59.097 INFO [main] org.apache.catalina.core.StandardService.startInternal Starting service [Catalina]
15-Apr-2022 08:46:59.097 INFO [main] org.apache.catalina.core.StandardEngine.startInternal Starting Servlet Engine: Apache Tomcat/9.0.6
15-Apr-2022 08:46:59.102 INFO [main] org.apache.catalina.startup.HostConfig.deployDirectory Deploying web application directory [/opt/apache-tomcat-9.0.6/webapps/manager]
15-Apr-2022 08:46:59.289 INFO [main] org.apache.catalina.startup.HostConfig.deployDirectory Deployment of web application directory [/opt/apache-tomcat-9.0.6/webapps/manager] has finished in [188] ms
15-Apr-2022 08:46:59.290 INFO [main] org.apache.catalina.startup.HostConfig.deployDirectory Deploying web application directory [/opt/apache-tomcat-9.0.6/webapps/examples]
15-Apr-2022 08:46:59.432 INFO [main] org.apache.catalina.startup.HostConfig.deployDirectory Deployment of web application directory [/opt/apache-tomcat-9.0.6/webapps/examples] has finished in [142] ms
15-Apr-2022 08:46:59.432 INFO [main] org.apache.catalina.startup.HostConfig.deployDirectory Deploying web application directory [/opt/apache-tomcat-9.0.6/webapps/docs]
15-Apr-2022 08:46:59.442 INFO [main] org.apache.catalina.startup.HostConfig.deployDirectory Deployment of web application directory [/opt/apache-tomcat-9.0.6/webapps/docs] has finished in [10] ms
15-Apr-2022 08:46:59.442 INFO [main] org.apache.catalina.startup.HostConfig.deployDirectory Deploying web application directory [/opt/apache-tomcat-9.0.6/webapps/ROOT]
15-Apr-2022 08:46:59.452 INFO [main] org.apache.catalina.startup.HostConfig.deployDirectory Deployment of web application directory [/opt/apache-tomcat-9.0.6/webapps/ROOT] has finished in [10] ms
15-Apr-2022 08:46:59.452 INFO [main] org.apache.catalina.startup.HostConfig.deployDirectory Deploying web application directory [/opt/apache-tomcat-9.0.6/webapps/host-manager]
15-Apr-2022 08:46:59.462 INFO [main] org.apache.catalina.startup.HostConfig.deployDirectory Deployment of web application directory [/opt/apache-tomcat-9.0.6/webapps/host-manager] has finished in [10] ms
15-Apr-2022 08:46:59.463 INFO [main] org.apache.coyote.AbstractProtocol.start Starting ProtocolHandler ["http-nio-8080"]
15-Apr-2022 08:46:59.469 INFO [main] org.apache.coyote.AbstractProtocol.start Starting ProtocolHandler ["ajp-nio-8009"]
15-Apr-2022 08:46:59.471 INFO [main] org.apache.catalina.startup.Catalina.start Server startup in 390 ms
